<!DOCTYPE html>
<html>
  <head>
    <meta charset="utf-8"/>
    <title>Test Report</title>
    <link href="assets/style.css" rel="stylesheet" type="text/css"/></head>
  <body onLoad="init()">
    <script>/* This Source Code Form is subject to the terms of the Mozilla Public
 * License, v. 2.0. If a copy of the MPL was not distributed with this file,
 * You can obtain one at http://mozilla.org/MPL/2.0/. */


function toArray(iter) {
    if (iter === null) {
        return null;
    }
    return Array.prototype.slice.call(iter);
}

function find(selector, elem) {
    if (!elem) {
        elem = document;
    }
    return elem.querySelector(selector);
}

function find_all(selector, elem) {
    if (!elem) {
        elem = document;
    }
    return toArray(elem.querySelectorAll(selector));
}

function sort_column(elem) {
    toggle_sort_states(elem);
    var colIndex = toArray(elem.parentNode.childNodes).indexOf(elem);
    var key;
    if (elem.classList.contains('numeric')) {
        key = key_num;
    } else if (elem.classList.contains('result')) {
        key = key_result;
    } else {
        key = key_alpha;
    }
    sort_table(elem, key(colIndex));
}

function show_all_extras() {
    find_all('.col-result').forEach(show_extras);
}

function hide_all_extras() {
    find_all('.col-result').forEach(hide_extras);
}

function show_extras(colresult_elem) {
    var extras = colresult_elem.parentNode.nextElementSibling;
    var expandcollapse = colresult_elem.firstElementChild;
    extras.classList.remove("collapsed");
    expandcollapse.classList.remove("expander");
    expandcollapse.classList.add("collapser");
}

function hide_extras(colresult_elem) {
    var extras = colresult_elem.parentNode.nextElementSibling;
    var expandcollapse = colresult_elem.firstElementChild;
    extras.classList.add("collapsed");
    expandcollapse.classList.remove("collapser");
    expandcollapse.classList.add("expander");
}

function show_filters() {
    var filter_items = document.getElementsByClassName('filter');
    for (var i = 0; i < filter_items.length; i++)
        filter_items[i].hidden = false;
}

function add_collapse() {
    // Add links for show/hide all
    var resulttable = find('table#results-table');
    var showhideall = document.createElement("p");
    showhideall.innerHTML = '<a href="javascript:show_all_extras()">Show all details</a> / ' +
                            '<a href="javascript:hide_all_extras()">Hide all details</a>';
    resulttable.parentElement.insertBefore(showhideall, resulttable);

    // Add show/hide link to each result
    find_all('.col-result').forEach(function(elem) {
        var extras = elem.parentNode.nextElementSibling;
        var expandcollapse = document.createElement("span");
        if (elem.innerHTML === 'Passed') {
            extras.classList.add("collapsed");
            expandcollapse.classList.add("expander");
        } else {
            expandcollapse.classList.add("collapser");
        }
        elem.appendChild(expandcollapse);

        elem.addEventListener("click", function(event) {
            if (event.currentTarget.parentNode.nextElementSibling.classList.contains("collapsed")) {
                show_extras(event.currentTarget);
            } else {
                hide_extras(event.currentTarget);
            }
        });
    })
}

function init () {
    reset_sort_headers();

    add_collapse();

    show_filters();

    toggle_sort_states(find('.initial-sort'));

    find_all('.sortable').forEach(function(elem) {
        elem.addEventListener("click",
                              function(event) {
                                  sort_column(elem);
                              }, false)
    });

};

function sort_table(clicked, key_func) {
    var rows = find_all('.results-table-row');
    var reversed = !clicked.classList.contains('asc');
    var sorted_rows = sort(rows, key_func, reversed);
    /* Whole table is removed here because browsers acts much slower
     * when appending existing elements.
     */
    var thead = document.getElementById("results-table-head");
    document.getElementById('results-table').remove();
    var parent = document.createElement("table");
    parent.id = "results-table";
    parent.appendChild(thead);
    sorted_rows.forEach(function(elem) {
        parent.appendChild(elem);
    });
    document.getElementsByTagName("BODY")[0].appendChild(parent);
}

function sort(items, key_func, reversed) {
    var sort_array = items.map(function(item, i) {
        return [key_func(item), i];
    });
    var multiplier = reversed ? -1 : 1;

    sort_array.sort(function(a, b) {
        var key_a = a[0];
        var key_b = b[0];
        return multiplier * (key_a >= key_b ? 1 : -1);
    });

    return sort_array.map(function(item) {
        var index = item[1];
        return items[index];
    });
}

function key_alpha(col_index) {
    return function(elem) {
        return elem.childNodes[1].childNodes[col_index].firstChild.data.toLowerCase();
    };
}

function key_num(col_index) {
    return function(elem) {
        return parseFloat(elem.childNodes[1].childNodes[col_index].firstChild.data);
    };
}

function key_result(col_index) {
    return function(elem) {
        var strings = ['Error', 'Failed', 'Rerun', 'XFailed', 'XPassed',
                       'Skipped', 'Passed'];
        return strings.indexOf(elem.childNodes[1].childNodes[col_index].firstChild.data);
    };
}

function reset_sort_headers() {
    find_all('.sort-icon').forEach(function(elem) {
        elem.parentNode.removeChild(elem);
    });
    find_all('.sortable').forEach(function(elem) {
        var icon = document.createElement("div");
        icon.className = "sort-icon";
        icon.textContent = "vvv";
        elem.insertBefore(icon, elem.firstChild);
        elem.classList.remove("desc", "active");
        elem.classList.add("asc", "inactive");
    });
}

function toggle_sort_states(elem) {
    //if active, toggle between asc and desc
    if (elem.classList.contains('active')) {
        elem.classList.toggle('asc');
        elem.classList.toggle('desc');
    }

    //if inactive, reset all other functions and add ascending active
    if (elem.classList.contains('inactive')) {
        reset_sort_headers();
        elem.classList.remove('inactive');
        elem.classList.add('active');
    }
}

function is_all_rows_hidden(value) {
  return value.hidden == false;
}

function filter_table(elem) {
    var outcome_att = "data-test-result";
    var outcome = elem.getAttribute(outcome_att);
    class_outcome = outcome + " results-table-row";
    var outcome_rows = document.getElementsByClassName(class_outcome);

    for(var i = 0; i < outcome_rows.length; i++){
        outcome_rows[i].hidden = !elem.checked;
    }

    var rows = find_all('.results-table-row').filter(is_all_rows_hidden);
    var all_rows_hidden = rows.length == 0 ? true : false;
    var not_found_message = document.getElementById("not-found-message");
    not_found_message.hidden = !all_rows_hidden;
}
</script>
    <p>Report generated on 19-Mar-2018 at 09:37:53 by<a href="https://pypi.python.org/pypi/pytest-html"> pytest-html</a> v1.16.1</p>
    <h2>Environment</h2>
    <table id="environment">
      <tr>
        <td>Packages</td>
        <td>{&apos;py&apos;: &apos;1.4.34&apos;, &apos;pluggy&apos;: &apos;0.4.0&apos;, &apos;pytest&apos;: &apos;3.2.5&apos;}</td></tr>
      <tr>
        <td>Platform</td>
        <td>Windows-8-6.2.9200</td></tr>
      <tr>
        <td>Plugins</td>
        <td>{&apos;rerunfailures&apos;: &apos;4.0&apos;, &apos;metadata&apos;: &apos;1.5.1&apos;, &apos;html&apos;: &apos;1.16.1&apos;}</td></tr>
      <tr>
        <td>Python</td>
        <td>3.3.5</td></tr></table>
    <h2>Summary</h2>
    <p>32 tests ran in 1256.08 seconds. </p>
    <p class="filter" hidden="true">(Un)check the boxes to filter the results.</p><input checked="true" class="filter" data-test-result="passed" hidden="true" name="filter_checkbox" onChange="filter_table(this)" type="checkbox"/><span class="passed">17 passed</span>, <input checked="true" class="filter" data-test-result="skipped" disabled="true" hidden="true" name="filter_checkbox" onChange="filter_table(this)" type="checkbox"/><span class="skipped">0 skipped</span>, <input checked="true" class="filter" data-test-result="failed" hidden="true" name="filter_checkbox" onChange="filter_table(this)" type="checkbox"/><span class="failed">15 failed</span>, <input checked="true" class="filter" data-test-result="error" disabled="true" hidden="true" name="filter_checkbox" onChange="filter_table(this)" type="checkbox"/><span class="error">0 errors</span>, <input checked="true" class="filter" data-test-result="xfailed" disabled="true" hidden="true" name="filter_checkbox" onChange="filter_table(this)" type="checkbox"/><span class="xfailed">0 expected failures</span>, <input checked="true" class="filter" data-test-result="xpassed" disabled="true" hidden="true" name="filter_checkbox" onChange="filter_table(this)" type="checkbox"/><span class="xpassed">0 unexpected passes</span>, <input checked="true" class="filter" data-test-result="rerun" disabled="true" hidden="true" name="filter_checkbox" onChange="filter_table(this)" type="checkbox"/><span class="rerun">0 rerun</span>
    <h2>Results</h2>
    <table id="results-table">
      <thead id="results-table-head">
        <tr>
          <th class="sortable result initial-sort" col="result">Result</th>
          <th class="sortable" col="name">Test</th>
          <th class="sortable numeric" col="duration">Duration</th>
          <th>Links</th></tr>
        <tr hidden="true" id="not-found-message">
          <th colspan="4">No results found. Try to check the filters</th></tr></thead>
      <tbody class="failed results-table-row">
        <tr>
          <td class="col-result">Failed</td>
          <td class="col-name">testcases/test_builfloor.py::TestBuildFloor::()::test_1_add_build</td>
          <td class="col-duration">35.93</td>
          <td class="col-links"></td></tr>
        <tr>
          <td class="extra" colspan="4">
            <div class="log">self = &lt;test_builfloor.TestBuildFloor object at 0x058F9190&gt;<br/>init_env = &lt;selenium.webdriver.chrome.webdriver.WebDriver (session=&quot;81b67b85774358d1535f81e5e766f3d5&quot;)&gt;<br/><br/>    @pytest.mark.smoke<br/>    def test_1_add_build(self,init_env):<br/>        hp = HomePage(init_env)<br/>        hp.click_system()<br/>        sp = SystemPage(init_env)<br/>        sp.click_infrastructure()<br/>        ip = InfraPage(init_env)<br/>        ip.add_building(infra_datas.new_building_name,infra_datas.new_building_remark)<br/>        # ip.wait_newbuild_alert_disappear()<br/>        #assert ip.build_is_exist() == infra_datas.new_building_name<br/>        # ip.log()<br/>&gt;       ip.new_build_assert()<br/><br/>testcases\test_builfloor.py:29: <br/>_ _ _ _ _ _ _ _ _ _ _ _ _ _ _ _ _ _ _ _ _ _ _ _ _ _ _ _ _ _ _ _ _ _ _ _ _ _ _ _<br/>pagefuction\infra_page.py:34: in new_build_assert<br/>    comfunc.wait(self.driver,infra_element.new_building_group)<br/>common\comfunc.py:14: in wait<br/>    EC.presence_of_element_located((By.XPATH, element)))<br/>_ _ _ _ _ _ _ _ _ _ _ _ _ _ _ _ _ _ _ _ _ _ _ _ _ _ _ _ _ _ _ _ _ _ _ _ _ _ _ _<br/><br/>self = &lt;selenium.webdriver.support.wait.WebDriverWait (session=&quot;81b67b85774358d1535f81e5e766f3d5&quot;)&gt;<br/>method = &lt;selenium.webdriver.support.expected_conditions.presence_of_element_located object at 0x05913F90&gt;<br/>message = &#x27;&#x27;<br/><br/>    def until(self, method, message=&#x27;&#x27;):<br/>        &quot;&quot;&quot;Calls the method provided with the driver as an argument until the \<br/>            return value is not False.&quot;&quot;&quot;<br/>        screen = None<br/>        stacktrace = None<br/>    <br/>        end_time = time.time() + self._timeout<br/>        while True:<br/>            try:<br/>                value = method(self._driver)<br/>                if value:<br/>                    return value<br/>            except self._ignored_exceptions as exc:<br/>                screen = getattr(exc, &#x27;screen&#x27;, None)<br/>                stacktrace = getattr(exc, &#x27;stacktrace&#x27;, None)<br/>            time.sleep(self._poll)<br/>            if time.time() &gt; end_time:<br/>                break<br/>&gt;       raise TimeoutException(message, screen, stacktrace)<br/><span class="error">E       selenium.common.exceptions.TimeoutException: Message:</span><br/><br/>D:\Python33\lib\site-packages\selenium\webdriver\support\wait.py:80: TimeoutException<br/></div></td></tr></tbody>
      <tbody class="failed results-table-row">
        <tr>
          <td class="col-result">Failed</td>
          <td class="col-name">testcases/test_builfloor.py::TestBuildFloor::()::test_2_edit_build</td>
          <td class="col-duration">28.36</td>
          <td class="col-links"></td></tr>
        <tr>
          <td class="extra" colspan="4">
            <div class="log">self = &lt;test_builfloor.TestBuildFloor object at 0x05931A30&gt;<br/>init_env = &lt;selenium.webdriver.chrome.webdriver.WebDriver (session=&quot;e0a0a18b17cb9e60956e34eafe88815e&quot;)&gt;<br/><br/>    @pytest.mark.smoke<br/>    def test_2_edit_build(self,init_env):<br/>        hp = HomePage(init_env)<br/>        hp.click_system()<br/>        sp = SystemPage(init_env)<br/>        sp.click_infrastructure()<br/>        ip = InfraPage(init_env)<br/>&gt;       ip.edit_building(infra_datas.edit_building_name,infra_datas.edit_building_remark)<br/><br/>testcases\test_builfloor.py:39: <br/>_ _ _ _ _ _ _ _ _ _ _ _ _ _ _ _ _ _ _ _ _ _ _ _ _ _ _ _ _ _ _ _ _ _ _ _ _ _ _ _<br/>pagefuction\infra_page.py:39: in edit_building<br/>    comfunc.wait(self.driver, infra_element.new_building_group)<br/>common\comfunc.py:14: in wait<br/>    EC.presence_of_element_located((By.XPATH, element)))<br/>_ _ _ _ _ _ _ _ _ _ _ _ _ _ _ _ _ _ _ _ _ _ _ _ _ _ _ _ _ _ _ _ _ _ _ _ _ _ _ _<br/><br/>self = &lt;selenium.webdriver.support.wait.WebDriverWait (session=&quot;e0a0a18b17cb9e60956e34eafe88815e&quot;)&gt;<br/>method = &lt;selenium.webdriver.support.expected_conditions.presence_of_element_located object at 0x05913E50&gt;<br/>message = &#x27;&#x27;<br/><br/>    def until(self, method, message=&#x27;&#x27;):<br/>        &quot;&quot;&quot;Calls the method provided with the driver as an argument until the \<br/>            return value is not False.&quot;&quot;&quot;<br/>        screen = None<br/>        stacktrace = None<br/>    <br/>        end_time = time.time() + self._timeout<br/>        while True:<br/>            try:<br/>                value = method(self._driver)<br/>                if value:<br/>                    return value<br/>            except self._ignored_exceptions as exc:<br/>                screen = getattr(exc, &#x27;screen&#x27;, None)<br/>                stacktrace = getattr(exc, &#x27;stacktrace&#x27;, None)<br/>            time.sleep(self._poll)<br/>            if time.time() &gt; end_time:<br/>                break<br/>&gt;       raise TimeoutException(message, screen, stacktrace)<br/><span class="error">E       selenium.common.exceptions.TimeoutException: Message:</span><br/><br/>D:\Python33\lib\site-packages\selenium\webdriver\support\wait.py:80: TimeoutException<br/></div></td></tr></tbody>
      <tbody class="failed results-table-row">
        <tr>
          <td class="col-result">Failed</td>
          <td class="col-name">testcases/test_builfloor.py::TestBuildFloor::()::test_3_add_floor</td>
          <td class="col-duration">29.39</td>
          <td class="col-links"></td></tr>
        <tr>
          <td class="extra" colspan="4">
            <div class="log">self = &lt;test_builfloor.TestBuildFloor object at 0x05913750&gt;<br/>init_env = &lt;selenium.webdriver.chrome.webdriver.WebDriver (session=&quot;1582c99805c4eabb42cfbe49144ec384&quot;)&gt;<br/><br/>    @pytest.mark.smoke<br/>    def test_3_add_floor(self,init_env):<br/>        hp = HomePage(init_env)<br/>        hp.click_system()<br/>        sp = SystemPage(init_env)<br/>        sp.click_infrastructure()<br/>        ip = InfraPage(init_env)<br/>&gt;       ip.add_floor(infra_datas.add_startfloor,infra_datas.add_endfloor,infra_datas.add_floor_remark)<br/><br/>testcases\test_builfloor.py:50: <br/>_ _ _ _ _ _ _ _ _ _ _ _ _ _ _ _ _ _ _ _ _ _ _ _ _ _ _ _ _ _ _ _ _ _ _ _ _ _ _ _<br/>pagefuction\infra_page.py:62: in add_floor<br/>    comfunc.wait(self.driver,infra_element.edit_building_group)<br/>common\comfunc.py:14: in wait<br/>    EC.presence_of_element_located((By.XPATH, element)))<br/>_ _ _ _ _ _ _ _ _ _ _ _ _ _ _ _ _ _ _ _ _ _ _ _ _ _ _ _ _ _ _ _ _ _ _ _ _ _ _ _<br/><br/>self = &lt;selenium.webdriver.support.wait.WebDriverWait (session=&quot;1582c99805c4eabb42cfbe49144ec384&quot;)&gt;<br/>method = &lt;selenium.webdriver.support.expected_conditions.presence_of_element_located object at 0x05931F70&gt;<br/>message = &#x27;&#x27;<br/><br/>    def until(self, method, message=&#x27;&#x27;):<br/>        &quot;&quot;&quot;Calls the method provided with the driver as an argument until the \<br/>            return value is not False.&quot;&quot;&quot;<br/>        screen = None<br/>        stacktrace = None<br/>    <br/>        end_time = time.time() + self._timeout<br/>        while True:<br/>            try:<br/>                value = method(self._driver)<br/>                if value:<br/>                    return value<br/>            except self._ignored_exceptions as exc:<br/>                screen = getattr(exc, &#x27;screen&#x27;, None)<br/>                stacktrace = getattr(exc, &#x27;stacktrace&#x27;, None)<br/>            time.sleep(self._poll)<br/>            if time.time() &gt; end_time:<br/>                break<br/>&gt;       raise TimeoutException(message, screen, stacktrace)<br/><span class="error">E       selenium.common.exceptions.TimeoutException: Message:</span><br/><br/>D:\Python33\lib\site-packages\selenium\webdriver\support\wait.py:80: TimeoutException<br/></div></td></tr></tbody>
      <tbody class="failed results-table-row">
        <tr>
          <td class="col-result">Failed</td>
          <td class="col-name">testcases/test_builfloor.py::TestBuildFloor::()::test_4_edit_floor</td>
          <td class="col-duration">29.54</td>
          <td class="col-links"></td></tr>
        <tr>
          <td class="extra" colspan="4">
            <div class="log">self = &lt;test_builfloor.TestBuildFloor object at 0x05973D30&gt;<br/>init_env = &lt;selenium.webdriver.chrome.webdriver.WebDriver (session=&quot;9473df02ff7ab0c85d0e70f330dca3b1&quot;)&gt;<br/><br/>    @pytest.mark.smoke<br/>    def test_4_edit_floor(self,init_env):<br/>        hp = HomePage(init_env)<br/>        hp.click_system()<br/>        sp = SystemPage(init_env)<br/>        sp.click_infrastructure()<br/>        ip = InfraPage(init_env)<br/>&gt;       ip.edit_floor(infra_datas.edit_floor,infra_datas.edit_floor_remark)<br/><br/>testcases\test_builfloor.py:61: <br/>_ _ _ _ _ _ _ _ _ _ _ _ _ _ _ _ _ _ _ _ _ _ _ _ _ _ _ _ _ _ _ _ _ _ _ _ _ _ _ _<br/>pagefuction\infra_page.py:86: in edit_floor<br/>    comfunc.wait(self.driver,infra_element.edit_building_group)<br/>common\comfunc.py:14: in wait<br/>    EC.presence_of_element_located((By.XPATH, element)))<br/>_ _ _ _ _ _ _ _ _ _ _ _ _ _ _ _ _ _ _ _ _ _ _ _ _ _ _ _ _ _ _ _ _ _ _ _ _ _ _ _<br/><br/>self = &lt;selenium.webdriver.support.wait.WebDriverWait (session=&quot;9473df02ff7ab0c85d0e70f330dca3b1&quot;)&gt;<br/>method = &lt;selenium.webdriver.support.expected_conditions.presence_of_element_located object at 0x05931890&gt;<br/>message = &#x27;&#x27;<br/><br/>    def until(self, method, message=&#x27;&#x27;):<br/>        &quot;&quot;&quot;Calls the method provided with the driver as an argument until the \<br/>            return value is not False.&quot;&quot;&quot;<br/>        screen = None<br/>        stacktrace = None<br/>    <br/>        end_time = time.time() + self._timeout<br/>        while True:<br/>            try:<br/>                value = method(self._driver)<br/>                if value:<br/>                    return value<br/>            except self._ignored_exceptions as exc:<br/>                screen = getattr(exc, &#x27;screen&#x27;, None)<br/>                stacktrace = getattr(exc, &#x27;stacktrace&#x27;, None)<br/>            time.sleep(self._poll)<br/>            if time.time() &gt; end_time:<br/>                break<br/>&gt;       raise TimeoutException(message, screen, stacktrace)<br/><span class="error">E       selenium.common.exceptions.TimeoutException: Message:</span><br/><br/>D:\Python33\lib\site-packages\selenium\webdriver\support\wait.py:80: TimeoutException<br/></div></td></tr></tbody>
      <tbody class="failed results-table-row">
        <tr>
          <td class="col-result">Failed</td>
          <td class="col-name">testcases/test_builfloor.py::TestBuildFloor::()::test_5_delete_floor</td>
          <td class="col-duration">29.15</td>
          <td class="col-links"></td></tr>
        <tr>
          <td class="extra" colspan="4">
            <div class="log">self = &lt;test_builfloor.TestBuildFloor object at 0x059895D0&gt;<br/>init_env = &lt;selenium.webdriver.chrome.webdriver.WebDriver (session=&quot;f9608b79391bb4f33960f1c8c622a7f3&quot;)&gt;<br/><br/>    @pytest.mark.smoke<br/>    def test_5_delete_floor(self,init_env):<br/>        hp = HomePage(init_env)<br/>        hp.click_system()<br/>        sp = SystemPage(init_env)<br/>        sp.click_infrastructure()<br/>        ip = InfraPage(init_env)<br/>&gt;       ip.delete_floor()<br/><br/>testcases\test_builfloor.py:72: <br/>_ _ _ _ _ _ _ _ _ _ _ _ _ _ _ _ _ _ _ _ _ _ _ _ _ _ _ _ _ _ _ _ _ _ _ _ _ _ _ _<br/>pagefuction\infra_page.py:116: in delete_floor<br/>    comfunc.wait(self.driver,infra_element.edit_building_group)<br/>common\comfunc.py:14: in wait<br/>    EC.presence_of_element_located((By.XPATH, element)))<br/>_ _ _ _ _ _ _ _ _ _ _ _ _ _ _ _ _ _ _ _ _ _ _ _ _ _ _ _ _ _ _ _ _ _ _ _ _ _ _ _<br/><br/>self = &lt;selenium.webdriver.support.wait.WebDriverWait (session=&quot;f9608b79391bb4f33960f1c8c622a7f3&quot;)&gt;<br/>method = &lt;selenium.webdriver.support.expected_conditions.presence_of_element_located object at 0x05989DF0&gt;<br/>message = &#x27;&#x27;<br/><br/>    def until(self, method, message=&#x27;&#x27;):<br/>        &quot;&quot;&quot;Calls the method provided with the driver as an argument until the \<br/>            return value is not False.&quot;&quot;&quot;<br/>        screen = None<br/>        stacktrace = None<br/>    <br/>        end_time = time.time() + self._timeout<br/>        while True:<br/>            try:<br/>                value = method(self._driver)<br/>                if value:<br/>                    return value<br/>            except self._ignored_exceptions as exc:<br/>                screen = getattr(exc, &#x27;screen&#x27;, None)<br/>                stacktrace = getattr(exc, &#x27;stacktrace&#x27;, None)<br/>            time.sleep(self._poll)<br/>            if time.time() &gt; end_time:<br/>                break<br/>&gt;       raise TimeoutException(message, screen, stacktrace)<br/><span class="error">E       selenium.common.exceptions.TimeoutException: Message:</span><br/><br/>D:\Python33\lib\site-packages\selenium\webdriver\support\wait.py:80: TimeoutException<br/></div></td></tr></tbody>
      <tbody class="failed results-table-row">
        <tr>
          <td class="col-result">Failed</td>
          <td class="col-name">testcases/test_builfloor.py::TestBuildFloor::()::test_6_delete_building</td>
          <td class="col-duration">28.24</td>
          <td class="col-links"></td></tr>
        <tr>
          <td class="extra" colspan="4">
            <div class="log">self = &lt;test_builfloor.TestBuildFloor object at 0x0598E470&gt;<br/>init_env = &lt;selenium.webdriver.chrome.webdriver.WebDriver (session=&quot;78c87bb3a41dac67c110e853b93a4506&quot;)&gt;<br/><br/>    @pytest.mark.smoke<br/>    def test_6_delete_building(self, init_env):<br/>        hp = HomePage(init_env)<br/>        hp.click_system()<br/>        sp = SystemPage(init_env)<br/>        sp.click_infrastructure()<br/>        ip = InfraPage(init_env)<br/>&gt;       ip.delete_building()<br/><br/>testcases\test_builfloor.py:83: <br/>_ _ _ _ _ _ _ _ _ _ _ _ _ _ _ _ _ _ _ _ _ _ _ _ _ _ _ _ _ _ _ _ _ _ _ _ _ _ _ _<br/>pagefuction\infra_page.py:129: in delete_building<br/>    comfunc.wait(self.driver,infra_element.edit_building_group)<br/>common\comfunc.py:14: in wait<br/>    EC.presence_of_element_located((By.XPATH, element)))<br/>_ _ _ _ _ _ _ _ _ _ _ _ _ _ _ _ _ _ _ _ _ _ _ _ _ _ _ _ _ _ _ _ _ _ _ _ _ _ _ _<br/><br/>self = &lt;selenium.webdriver.support.wait.WebDriverWait (session=&quot;78c87bb3a41dac67c110e853b93a4506&quot;)&gt;<br/>method = &lt;selenium.webdriver.support.expected_conditions.presence_of_element_located object at 0x05973C70&gt;<br/>message = &#x27;&#x27;<br/><br/>    def until(self, method, message=&#x27;&#x27;):<br/>        &quot;&quot;&quot;Calls the method provided with the driver as an argument until the \<br/>            return value is not False.&quot;&quot;&quot;<br/>        screen = None<br/>        stacktrace = None<br/>    <br/>        end_time = time.time() + self._timeout<br/>        while True:<br/>            try:<br/>                value = method(self._driver)<br/>                if value:<br/>                    return value<br/>            except self._ignored_exceptions as exc:<br/>                screen = getattr(exc, &#x27;screen&#x27;, None)<br/>                stacktrace = getattr(exc, &#x27;stacktrace&#x27;, None)<br/>            time.sleep(self._poll)<br/>            if time.time() &gt; end_time:<br/>                break<br/>&gt;       raise TimeoutException(message, screen, stacktrace)<br/><span class="error">E       selenium.common.exceptions.TimeoutException: Message:</span><br/><br/>D:\Python33\lib\site-packages\selenium\webdriver\support\wait.py:80: TimeoutException<br/></div></td></tr></tbody>
      <tbody class="failed results-table-row">
        <tr>
          <td class="col-result">Failed</td>
          <td class="col-name">testcases/test_damagegoods.py::TestDamageGoods::()::test_2_edit_damagetype</td>
          <td class="col-duration">17.05</td>
          <td class="col-links"></td></tr>
        <tr>
          <td class="extra" colspan="4">
            <div class="log">self = &lt;test_damagegoods.TestDamageGoods object at 0x0597DE50&gt;<br/>init_env = &lt;selenium.webdriver.chrome.webdriver.WebDriver (session=&quot;ab84c9237c4867f524e0b4d7fb742ddd&quot;)&gt;<br/><br/>    @pytest.mark.smoke<br/>    def test_2_edit_damagetype(self,init_env):<br/>        hp = HomePage(init_env)<br/>        hp.click_system()<br/>        sp = SystemPage(init_env)<br/>        sp.click_damagegoods()<br/>        dtp = DamageTypePage(init_env)<br/>&gt;       dtp.edit_damagetype(damage_goods_datas.edit_type_name)<br/><br/>testcases\test_damagegoods.py:36: <br/>_ _ _ _ _ _ _ _ _ _ _ _ _ _ _ _ _ _ _ _ _ _ _ _ _ _ _ _ _ _ _ _ _ _ _ _ _ _ _ _<br/>pagefuction\damage_type_page.py:34: in edit_damagetype<br/>    self.driver.find_element_by_xpath(damage_type_element.add_typename).clear()<br/>D:\Python33\lib\site-packages\selenium\webdriver\remote\webelement.py:95: in clear<br/>    self._execute(Command.CLEAR_ELEMENT)<br/>D:\Python33\lib\site-packages\selenium\webdriver\remote\webelement.py:501: in _execute<br/>    return self._parent.execute(command, params)<br/>D:\Python33\lib\site-packages\selenium\webdriver\remote\webdriver.py:311: in execute<br/>    self.error_handler.check_response(response)<br/>_ _ _ _ _ _ _ _ _ _ _ _ _ _ _ _ _ _ _ _ _ _ _ _ _ _ _ _ _ _ _ _ _ _ _ _ _ _ _ _<br/><br/>self = &lt;selenium.webdriver.remote.errorhandler.ErrorHandler object at 0x05931670&gt;<br/>response = {&#x27;sessionId&#x27;: &#x27;ab84c9237c4867f524e0b4d7fb742ddd&#x27;, &#x27;status&#x27;: 12, &#x27;value&#x27;: {&#x27;message&#x27;: &#x27;invalid element state: Element i...ver info: chromedriver=2.36.540470 (e522d04694c7ebea4ba8821272dbef4f9b818c91),platform=Windows NT 10.0.16299 x86_64)&#x27;}}<br/><br/>    def check_response(self, response):<br/>        &quot;&quot;&quot;<br/>            Checks that a JSON response from the WebDriver does not have an error.<br/>    <br/>            :Args:<br/>             - response - The JSON response from the WebDriver server as a dictionary<br/>               object.<br/>    <br/>            :Raises: If the response contains an error message.<br/>            &quot;&quot;&quot;<br/>        status = response.get(&#x27;status&#x27;, None)<br/>        if status is None or status == ErrorCode.SUCCESS:<br/>            return<br/>        value = None<br/>        message = response.get(&quot;message&quot;, &quot;&quot;)<br/>        screen = response.get(&quot;screen&quot;, &quot;&quot;)<br/>        stacktrace = None<br/>        if isinstance(status, int):<br/>            value_json = response.get(&#x27;value&#x27;, None)<br/>            if value_json and isinstance(value_json, basestring):<br/>                import json<br/>                try:<br/>                    value = json.loads(value_json)<br/>                    if len(value.keys()) == 1:<br/>                        value = value[&#x27;value&#x27;]<br/>                    status = value.get(&#x27;error&#x27;, None)<br/>                    if status is None:<br/>                        status = value[&quot;status&quot;]<br/>                        message = value[&quot;value&quot;]<br/>                        if not isinstance(message, basestring):<br/>                            value = message<br/>                            message = message.get(&#x27;message&#x27;)<br/>                    else:<br/>                        message = value.get(&#x27;message&#x27;, None)<br/>                except ValueError:<br/>                    pass<br/>    <br/>        exception_class = ErrorInResponseException<br/>        if status in ErrorCode.NO_SUCH_ELEMENT:<br/>            exception_class = NoSuchElementException<br/>        elif status in ErrorCode.NO_SUCH_FRAME:<br/>            exception_class = NoSuchFrameException<br/>        elif status in ErrorCode.NO_SUCH_WINDOW:<br/>            exception_class = NoSuchWindowException<br/>        elif status in ErrorCode.STALE_ELEMENT_REFERENCE:<br/>            exception_class = StaleElementReferenceException<br/>        elif status in ErrorCode.ELEMENT_NOT_VISIBLE:<br/>            exception_class = ElementNotVisibleException<br/>        elif status in ErrorCode.INVALID_ELEMENT_STATE:<br/>            exception_class = InvalidElementStateException<br/>        elif status in ErrorCode.INVALID_SELECTOR \<br/>                or status in ErrorCode.INVALID_XPATH_SELECTOR \<br/>                or status in ErrorCode.INVALID_XPATH_SELECTOR_RETURN_TYPER:<br/>            exception_class = InvalidSelectorException<br/>        elif status in ErrorCode.ELEMENT_IS_NOT_SELECTABLE:<br/>            exception_class = ElementNotSelectableException<br/>        elif status in ErrorCode.ELEMENT_NOT_INTERACTABLE:<br/>            exception_class = ElementNotInteractableException<br/>        elif status in ErrorCode.INVALID_COOKIE_DOMAIN:<br/>            exception_class = InvalidCookieDomainException<br/>        elif status in ErrorCode.UNABLE_TO_SET_COOKIE:<br/>            exception_class = UnableToSetCookieException<br/>        elif status in ErrorCode.TIMEOUT:<br/>            exception_class = TimeoutException<br/>        elif status in ErrorCode.SCRIPT_TIMEOUT:<br/>            exception_class = TimeoutException<br/>        elif status in ErrorCode.UNKNOWN_ERROR:<br/>            exception_class = WebDriverException<br/>        elif status in ErrorCode.UNEXPECTED_ALERT_OPEN:<br/>            exception_class = UnexpectedAlertPresentException<br/>        elif status in ErrorCode.NO_ALERT_OPEN:<br/>            exception_class = NoAlertPresentException<br/>        elif status in ErrorCode.IME_NOT_AVAILABLE:<br/>            exception_class = ImeNotAvailableException<br/>        elif status in ErrorCode.IME_ENGINE_ACTIVATION_FAILED:<br/>            exception_class = ImeActivationFailedException<br/>        elif status in ErrorCode.MOVE_TARGET_OUT_OF_BOUNDS:<br/>            exception_class = MoveTargetOutOfBoundsException<br/>        elif status in ErrorCode.JAVASCRIPT_ERROR:<br/>            exception_class = JavascriptException<br/>        elif status in ErrorCode.SESSION_NOT_CREATED:<br/>            exception_class = SessionNotCreatedException<br/>        elif status in ErrorCode.INVALID_ARGUMENT:<br/>            exception_class = InvalidArgumentException<br/>        elif status in ErrorCode.NO_SUCH_COOKIE:<br/>            exception_class = NoSuchCookieException<br/>        elif status in ErrorCode.UNABLE_TO_CAPTURE_SCREEN:<br/>            exception_class = ScreenshotException<br/>        elif status in ErrorCode.ELEMENT_CLICK_INTERCEPTED:<br/>            exception_class = ElementClickInterceptedException<br/>        elif status in ErrorCode.INSECURE_CERTIFICATE:<br/>            exception_class = InsecureCertificateException<br/>        elif status in ErrorCode.INVALID_COORDINATES:<br/>            exception_class = InvalidCoordinatesException<br/>        elif status in ErrorCode.INVALID_SESSION_ID:<br/>            exception_class = InvalidSessionIdException<br/>        elif status in ErrorCode.UNKNOWN_METHOD:<br/>            exception_class = UnknownMethodException<br/>        else:<br/>            exception_class = WebDriverException<br/>        if value == &#x27;&#x27; or value is None:<br/>            value = response[&#x27;value&#x27;]<br/>        if isinstance(value, basestring):<br/>            if exception_class == ErrorInResponseException:<br/>                raise exception_class(response, value)<br/>            raise exception_class(value)<br/>        if message == &quot;&quot; and &#x27;message&#x27; in value:<br/>            message = value[&#x27;message&#x27;]<br/>    <br/>        screen = None<br/>        if &#x27;screen&#x27; in value:<br/>            screen = value[&#x27;screen&#x27;]<br/>    <br/>        stacktrace = None<br/>        if &#x27;stackTrace&#x27; in value and value[&#x27;stackTrace&#x27;]:<br/>            stacktrace = []<br/>            try:<br/>                for frame in value[&#x27;stackTrace&#x27;]:<br/>                    line = self._value_or_default(frame, &#x27;lineNumber&#x27;, &#x27;&#x27;)<br/>                    file = self._value_or_default(frame, &#x27;fileName&#x27;, &#x27;&lt;anonymous&gt;&#x27;)<br/>                    if line:<br/>                        file = &quot;%s:%s&quot; % (file, line)<br/>                    meth = self._value_or_default(frame, &#x27;methodName&#x27;, &#x27;&lt;anonymous&gt;&#x27;)<br/>                    if &#x27;className&#x27; in frame:<br/>                        meth = &quot;%s.%s&quot; % (frame[&#x27;className&#x27;], meth)<br/>                    msg = &quot;    at %s (%s)&quot;<br/>                    msg = msg % (meth, file)<br/>                    stacktrace.append(msg)<br/>            except TypeError:<br/>                pass<br/>        if exception_class == ErrorInResponseException:<br/>            raise exception_class(response, message)<br/>        elif exception_class == UnexpectedAlertPresentException and &#x27;alert&#x27; in value:<br/>            raise exception_class(message, screen, stacktrace, value[&#x27;alert&#x27;].get(&#x27;text&#x27;))<br/>&gt;       raise exception_class(message, screen, stacktrace)<br/><span class="error">E       selenium.common.exceptions.InvalidElementStateException: Message: invalid element state: Element is not currently interactable and may not be manipulated</span><br/><span class="error">E         (Session info: chrome=65.0.3325.162)</span><br/><span class="error">E         (Driver info: chromedriver=2.36.540470 (e522d04694c7ebea4ba8821272dbef4f9b818c91),platform=Windows NT 10.0.16299 x86_64)</span><br/><br/>D:\Python33\lib\site-packages\selenium\webdriver\remote\errorhandler.py:237: InvalidElementStateException<br/></div></td></tr></tbody>
      <tbody class="failed results-table-row">
        <tr>
          <td class="col-result">Failed</td>
          <td class="col-name">testcases/test_damagegoods.py::TestDamageGoods::()::test_3_edit_damagetype</td>
          <td class="col-duration">29.53</td>
          <td class="col-links"></td></tr>
        <tr>
          <td class="extra" colspan="4">
            <div class="log">self = &lt;test_damagegoods.TestDamageGoods object at 0x0596E9F0&gt;<br/>init_env = &lt;selenium.webdriver.chrome.webdriver.WebDriver (session=&quot;0db4ff5a36befe013aa961f04cbb4e04&quot;)&gt;<br/><br/>    @pytest.mark.smoke<br/>    def test_3_edit_damagetype(self,init_env):<br/>        hp = HomePage(init_env)<br/>        hp.click_system()<br/>        sp = SystemPage(init_env)<br/>        sp.click_damagegoods()<br/>        dtp = DamageTypePage(init_env)<br/>&gt;       dtp.delete_damagetype()<br/><br/>testcases\test_damagegoods.py:47: <br/>_ _ _ _ _ _ _ _ _ _ _ _ _ _ _ _ _ _ _ _ _ _ _ _ _ _ _ _ _ _ _ _ _ _ _ _ _ _ _ _<br/>pagefuction\damage_type_page.py:44: in delete_damagetype<br/>    comfunc.wait(self.driver, damage_type_element.delete_type_button)<br/>common\comfunc.py:14: in wait<br/>    EC.presence_of_element_located((By.XPATH, element)))<br/>_ _ _ _ _ _ _ _ _ _ _ _ _ _ _ _ _ _ _ _ _ _ _ _ _ _ _ _ _ _ _ _ _ _ _ _ _ _ _ _<br/><br/>self = &lt;selenium.webdriver.support.wait.WebDriverWait (session=&quot;0db4ff5a36befe013aa961f04cbb4e04&quot;)&gt;<br/>method = &lt;selenium.webdriver.support.expected_conditions.presence_of_element_located object at 0x05A05970&gt;<br/>message = &#x27;&#x27;<br/><br/>    def until(self, method, message=&#x27;&#x27;):<br/>        &quot;&quot;&quot;Calls the method provided with the driver as an argument until the \<br/>            return value is not False.&quot;&quot;&quot;<br/>        screen = None<br/>        stacktrace = None<br/>    <br/>        end_time = time.time() + self._timeout<br/>        while True:<br/>            try:<br/>                value = method(self._driver)<br/>                if value:<br/>                    return value<br/>            except self._ignored_exceptions as exc:<br/>                screen = getattr(exc, &#x27;screen&#x27;, None)<br/>                stacktrace = getattr(exc, &#x27;stacktrace&#x27;, None)<br/>            time.sleep(self._poll)<br/>            if time.time() &gt; end_time:<br/>                break<br/>&gt;       raise TimeoutException(message, screen, stacktrace)<br/><span class="error">E       selenium.common.exceptions.TimeoutException: Message:</span><br/><br/>D:\Python33\lib\site-packages\selenium\webdriver\support\wait.py:80: TimeoutException<br/></div></td></tr></tbody>
      <tbody class="failed results-table-row">
        <tr>
          <td class="col-result">Failed</td>
          <td class="col-name">testcases/test_damagegoods.py::TestDamageGoods::()::test_6_delete_damagegoods</td>
          <td class="col-duration">28.79</td>
          <td class="col-links"></td></tr>
        <tr>
          <td class="extra" colspan="4">
            <div class="log">self = &lt;test_damagegoods.TestDamageGoods object at 0x0599EED0&gt;<br/>init_env = &lt;selenium.webdriver.chrome.webdriver.WebDriver (session=&quot;45d5f57be3be7c28fb2f28a737d38def&quot;)&gt;<br/><br/>    @pytest.mark.smoke<br/>    def test_6_delete_damagegoods(self, init_env):<br/>        hp = HomePage(init_env)<br/>        hp.click_system()<br/>        sp = SystemPage(init_env)<br/>        sp.click_damagegoods()<br/>        dtp = DamageTypePage(init_env)<br/>        dtp.click_damage_goods_menu()<br/>        dgp = DamageGoodsPage(init_env)<br/>&gt;       dgp.delete_damagegoods()<br/><br/>testcases\test_damagegoods.py:86: <br/>_ _ _ _ _ _ _ _ _ _ _ _ _ _ _ _ _ _ _ _ _ _ _ _ _ _ _ _ _ _ _ _ _ _ _ _ _ _ _ _<br/>pagefuction\damage_goods_page.py:73: in delete_damagegoods<br/>    comfunc.wait(self.driver, damage_goods_element.delete_goods_button)<br/>common\comfunc.py:14: in wait<br/>    EC.presence_of_element_located((By.XPATH, element)))<br/>_ _ _ _ _ _ _ _ _ _ _ _ _ _ _ _ _ _ _ _ _ _ _ _ _ _ _ _ _ _ _ _ _ _ _ _ _ _ _ _<br/><br/>self = &lt;selenium.webdriver.support.wait.WebDriverWait (session=&quot;45d5f57be3be7c28fb2f28a737d38def&quot;)&gt;<br/>method = &lt;selenium.webdriver.support.expected_conditions.presence_of_element_located object at 0x059A1290&gt;<br/>message = &#x27;&#x27;<br/><br/>    def until(self, method, message=&#x27;&#x27;):<br/>        &quot;&quot;&quot;Calls the method provided with the driver as an argument until the \<br/>            return value is not False.&quot;&quot;&quot;<br/>        screen = None<br/>        stacktrace = None<br/>    <br/>        end_time = time.time() + self._timeout<br/>        while True:<br/>            try:<br/>                value = method(self._driver)<br/>                if value:<br/>                    return value<br/>            except self._ignored_exceptions as exc:<br/>                screen = getattr(exc, &#x27;screen&#x27;, None)<br/>                stacktrace = getattr(exc, &#x27;stacktrace&#x27;, None)<br/>            time.sleep(self._poll)<br/>            if time.time() &gt; end_time:<br/>                break<br/>&gt;       raise TimeoutException(message, screen, stacktrace)<br/><span class="error">E       selenium.common.exceptions.TimeoutException: Message:</span><br/><br/>D:\Python33\lib\site-packages\selenium\webdriver\support\wait.py:80: TimeoutException<br/></div></td></tr></tbody>
      <tbody class="failed results-table-row">
        <tr>
          <td class="col-result">Failed</td>
          <td class="col-name">testcases/test_hiregoods.py::TestHireGoods::()::test_2_edit_hiretype</td>
          <td class="col-duration">30.46</td>
          <td class="col-links"></td></tr>
        <tr>
          <td class="extra" colspan="4">
            <div class="log">self = &lt;test_hiregoods.TestHireGoods object at 0x0599E930&gt;<br/>init_env = &lt;selenium.webdriver.chrome.webdriver.WebDriver (session=&quot;0807b53a52b6a468721b86075242b911&quot;)&gt;<br/><br/>    @pytest.mark.smoke<br/>    def test_2_edit_hiretype(self, init_env):<br/>        hp = HomePage(init_env)<br/>        hp.click_system()<br/>        sp = SystemPage(init_env)<br/>        sp.click_hiregoods()<br/>        htp = HireTypePage(init_env)<br/>&gt;       htp.edit_hiretype(hire_goods_datas.edit_type_name)<br/><br/>testcases\test_hiregoods.py:36: <br/>_ _ _ _ _ _ _ _ _ _ _ _ _ _ _ _ _ _ _ _ _ _ _ _ _ _ _ _ _ _ _ _ _ _ _ _ _ _ _ _<br/>pagefuction\hire_type_page.py:25: in edit_hiretype<br/>    comfunc.wait(self.driver,hire_type_element.edit_type_button)<br/>common\comfunc.py:14: in wait<br/>    EC.presence_of_element_located((By.XPATH, element)))<br/>_ _ _ _ _ _ _ _ _ _ _ _ _ _ _ _ _ _ _ _ _ _ _ _ _ _ _ _ _ _ _ _ _ _ _ _ _ _ _ _<br/><br/>self = &lt;selenium.webdriver.support.wait.WebDriverWait (session=&quot;0807b53a52b6a468721b86075242b911&quot;)&gt;<br/>method = &lt;selenium.webdriver.support.expected_conditions.presence_of_element_located object at 0x05668D70&gt;<br/>message = &#x27;&#x27;<br/><br/>    def until(self, method, message=&#x27;&#x27;):<br/>        &quot;&quot;&quot;Calls the method provided with the driver as an argument until the \<br/>            return value is not False.&quot;&quot;&quot;<br/>        screen = None<br/>        stacktrace = None<br/>    <br/>        end_time = time.time() + self._timeout<br/>        while True:<br/>            try:<br/>                value = method(self._driver)<br/>                if value:<br/>                    return value<br/>            except self._ignored_exceptions as exc:<br/>                screen = getattr(exc, &#x27;screen&#x27;, None)<br/>                stacktrace = getattr(exc, &#x27;stacktrace&#x27;, None)<br/>            time.sleep(self._poll)<br/>            if time.time() &gt; end_time:<br/>                break<br/>&gt;       raise TimeoutException(message, screen, stacktrace)<br/><span class="error">E       selenium.common.exceptions.TimeoutException: Message:</span><br/><br/>D:\Python33\lib\site-packages\selenium\webdriver\support\wait.py:80: TimeoutException<br/></div></td></tr></tbody>
      <tbody class="failed results-table-row">
        <tr>
          <td class="col-result">Failed</td>
          <td class="col-name">testcases/test_hiregoods.py::TestHireGoods::()::test_3_delete_hiretype</td>
          <td class="col-duration">39.55</td>
          <td class="col-links"></td></tr>
        <tr>
          <td class="extra" colspan="4">
            <div class="log">self = &lt;test_hiregoods.TestHireGoods object at 0x0599E3D0&gt;<br/>init_env = &lt;selenium.webdriver.chrome.webdriver.WebDriver (session=&quot;bdc73ada8a8d47349cb6bb32ceca91de&quot;)&gt;<br/><br/>    @pytest.mark.smoke<br/>    def test_3_delete_hiretype(self, init_env):<br/>        hp = HomePage(init_env)<br/>        hp.click_system()<br/>        sp = SystemPage(init_env)<br/>        sp.click_hiregoods()<br/>        htp = HireTypePage(init_env)<br/>&gt;       htp.delete_hiretype()<br/><br/>testcases\test_hiregoods.py:47: <br/>_ _ _ _ _ _ _ _ _ _ _ _ _ _ _ _ _ _ _ _ _ _ _ _ _ _ _ _ _ _ _ _ _ _ _ _ _ _ _ _<br/>pagefuction\hire_type_page.py:38: in delete_hiretype<br/>    comfunc.wait(self.driver,hire_type_element.delete_type_button)<br/>common\comfunc.py:14: in wait<br/>    EC.presence_of_element_located((By.XPATH, element)))<br/>_ _ _ _ _ _ _ _ _ _ _ _ _ _ _ _ _ _ _ _ _ _ _ _ _ _ _ _ _ _ _ _ _ _ _ _ _ _ _ _<br/><br/>self = &lt;selenium.webdriver.support.wait.WebDriverWait (session=&quot;bdc73ada8a8d47349cb6bb32ceca91de&quot;)&gt;<br/>method = &lt;selenium.webdriver.support.expected_conditions.presence_of_element_located object at 0x05973DB0&gt;<br/>message = &#x27;&#x27;<br/><br/>    def until(self, method, message=&#x27;&#x27;):<br/>        &quot;&quot;&quot;Calls the method provided with the driver as an argument until the \<br/>            return value is not False.&quot;&quot;&quot;<br/>        screen = None<br/>        stacktrace = None<br/>    <br/>        end_time = time.time() + self._timeout<br/>        while True:<br/>            try:<br/>                value = method(self._driver)<br/>                if value:<br/>                    return value<br/>            except self._ignored_exceptions as exc:<br/>                screen = getattr(exc, &#x27;screen&#x27;, None)<br/>                stacktrace = getattr(exc, &#x27;stacktrace&#x27;, None)<br/>            time.sleep(self._poll)<br/>            if time.time() &gt; end_time:<br/>                break<br/>&gt;       raise TimeoutException(message, screen, stacktrace)<br/><span class="error">E       selenium.common.exceptions.TimeoutException: Message:</span><br/><br/>D:\Python33\lib\site-packages\selenium\webdriver\support\wait.py:80: TimeoutException<br/></div></td></tr></tbody>
      <tbody class="failed results-table-row">
        <tr>
          <td class="col-result">Failed</td>
          <td class="col-name">testcases/test_normalreserv.py::TestNormalReserv::()::test_1_individual_normal_reserv</td>
          <td class="col-duration">16.90</td>
          <td class="col-links"></td></tr>
        <tr>
          <td class="extra" colspan="4">
            <div class="log">self = &lt;test_normalreserv.TestNormalReserv object at 0x05A346B0&gt;<br/>init_env = &lt;selenium.webdriver.chrome.webdriver.WebDriver (session=&quot;6db7afd4e8b6974960b6d87e162562fb&quot;)&gt;<br/><br/>    @pytest.mark.smoke<br/>    def test_1_individual_normal_reserv(self,init_env):<br/>        hp = HomePage(init_env)<br/>        hp.click_reserv()<br/>        nrp = NormalReserv(init_env)<br/>        nrp.individual_normal_reserv(reserv_datas.normal_reserv_individual_personname,reserv_datas.normal_reserv_individual_phone)<br/>        nrp.is_exist_ele(normal_reserve_element.assert_reserv_element)<br/>        rdp = ReservDetailPage(init_env)<br/>&gt;       rdp.cancel_reserv()<br/><br/>testcases\test_normalreserv.py:24: <br/>_ _ _ _ _ _ _ _ _ _ _ _ _ _ _ _ _ _ _ _ _ _ _ _ _ _ _ _ _ _ _ _ _ _ _ _ _ _ _ _<br/>pagefuction\reserv_detail_page.py:18: in cancel_reserv<br/>    chain.perform()<br/>D:\Python33\lib\site-packages\selenium\webdriver\common\action_chains.py:83: in perform<br/>    action()<br/>_ _ _ _ _ _ _ _ _ _ _ _ _ _ _ _ _ _ _ _ _ _ _ _ _ _ _ _ _ _ _ _ _ _ _ _ _ _ _ _<br/><br/>    self._actions.append(lambda: self._driver.execute(<br/>&gt;                        Command.MOVE_TO, {&#x27;element&#x27;: to_element.id}))<br/><span class="error">E   AttributeError: &#x27;str&#x27; object has no attribute &#x27;id&#x27;</span><br/><br/>D:\Python33\lib\site-packages\selenium\webdriver\common\action_chains.py:293: AttributeError<br/></div></td></tr></tbody>
      <tbody class="failed results-table-row">
        <tr>
          <td class="col-result">Failed</td>
          <td class="col-name">testcases/test_roommaintain.py::TestRoomMaintain::()::test_3_disable_roomtype</td>
          <td class="col-duration">17.78</td>
          <td class="col-links"></td></tr>
        <tr>
          <td class="extra" colspan="4">
            <div class="log">self = &lt;test_roommaintain.TestRoomMaintain object at 0x059A1DB0&gt;<br/>init_env = &lt;selenium.webdriver.chrome.webdriver.WebDriver (session=&quot;14de78ec90b5f9b8047caf3480f8295c&quot;)&gt;<br/><br/>    @pytest.mark.smoke<br/>    def test_3_disable_roomtype(self, init_env):<br/>        hp = HomePage(init_env)<br/>        hp.click_system()<br/>        sp = SystemPage(init_env)<br/>        sp.click_infrastructure()<br/>        ip = InfraPage(init_env)<br/>        ip.click_room_maintain()<br/>        rmp = RoomMaintainPage(init_env)<br/>        rmp.disable_roomtype()<br/>&gt;       rmp.disable_assert()<br/><br/>testcases\test_roommaintain.py:54: <br/>_ _ _ _ _ _ _ _ _ _ _ _ _ _ _ _ _ _ _ _ _ _ _ _ _ _ _ _ _ _ _ _ _ _ _ _ _ _ _ _<br/><br/>self = &lt;pagefuction.roomtype_maintain_page.RoomMaintainPage object at 0x05931610&gt;<br/><br/>    def disable_assert(self):<br/>        comfunc.wait(self.driver, roomtype_maintain_element.status)<br/>        a = self.driver.find_element_by_xpath(roomtype_maintain_element.status).text<br/>&gt;       assert a == &quot;&quot;<br/><span class="error">E       AssertionError</span><br/><br/>pagefuction\roomtype_maintain_page.py:87: AssertionError<br/></div></td></tr></tbody>
      <tbody class="failed results-table-row">
        <tr>
          <td class="col-result">Failed</td>
          <td class="col-name">testcases/test_roommaintain.py::TestRoomMaintain::()::test_4_enable_roomtype</td>
          <td class="col-duration">16.11</td>
          <td class="col-links"></td></tr>
        <tr>
          <td class="extra" colspan="4">
            <div class="log">self = &lt;test_roommaintain.TestRoomMaintain object at 0x0597D0F0&gt;<br/>init_env = &lt;selenium.webdriver.chrome.webdriver.WebDriver (session=&quot;899664587a302603d9fa190f3ff38003&quot;)&gt;<br/><br/>    @pytest.mark.smoke<br/>    def test_4_enable_roomtype(self, init_env):<br/>        hp = HomePage(init_env)<br/>        hp.click_system()<br/>        sp = SystemPage(init_env)<br/>        sp.click_infrastructure()<br/>        ip = InfraPage(init_env)<br/>        ip.click_room_maintain()<br/>        rmp = RoomMaintainPage(init_env)<br/>        rmp.enable_roomtype()<br/>&gt;       rmp.enable_assert()<br/><br/>testcases\test_roommaintain.py:68: <br/>_ _ _ _ _ _ _ _ _ _ _ _ _ _ _ _ _ _ _ _ _ _ _ _ _ _ _ _ _ _ _ _ _ _ _ _ _ _ _ _<br/><br/>self = &lt;pagefuction.roomtype_maintain_page.RoomMaintainPage object at 0x0597DA30&gt;<br/><br/>    def enable_assert(self):<br/>        comfunc.wait(self.driver, roomtype_maintain_element.status)<br/>        a = self.driver.find_element_by_xpath(roomtype_maintain_element.status).text<br/>&gt;       assert a.text == &quot;&quot;<br/><span class="error">E       AttributeError: &#x27;str&#x27; object has no attribute &#x27;text&#x27;</span><br/><br/>pagefuction\roomtype_maintain_page.py:98: AttributeError<br/></div></td></tr></tbody>
      <tbody class="failed results-table-row">
        <tr>
          <td class="col-result">Failed</td>
          <td class="col-name">testcases/test_vritualroomtype.py::TestVirtualRoomType::()::test_2_edit_virtualroomtype</td>
          <td class="col-duration">32.12</td>
          <td class="col-links"></td></tr>
        <tr>
          <td class="extra" colspan="4">
            <div class="log">self = &lt;test_vritualroomtype.TestVirtualRoomType object at 0x05FF1230&gt;<br/>init_env = &lt;selenium.webdriver.chrome.webdriver.WebDriver (session=&quot;6a4851775ae7eb32fd058df5d822354f&quot;)&gt;<br/><br/>    @pytest.mark.smoke<br/>    def test_2_edit_virtualroomtype(self, init_env):<br/>        hp = HomePage(init_env)<br/>        hp.click_system()<br/>        sp = SystemPage(init_env)<br/>        sp.click_infrastructure()<br/>        ip = InfraPage(init_env)<br/>        ip.click_virtual_roomtype_menu()<br/>        vrtp = VirtualRoomTypePage(init_env)<br/>        vrtp.edit_virtual_roomtype(virtual_roomtype_datas.edit_roomtype_name, virtual_roomtype_datas.edit_beizhu)<br/>&gt;       vrtp.assert_add(virtualroomtype_element.virtual_roomtype_name)<br/><br/>testcases\test_vritualroomtype.py:41: <br/>_ _ _ _ _ _ _ _ _ _ _ _ _ _ _ _ _ _ _ _ _ _ _ _ _ _ _ _ _ _ _ _ _ _ _ _ _ _ _ _<br/>pagefuction\virtual_roomtype_page.py:34: in assert_add<br/>    comfunc.wait_noelement(self.driver,ele)<br/>common\comfunc.py:17: in wait_noelement<br/>    WebDriverWait(driver,10, 0.5).until_not(EC.visibility_of_element_located((By.XPATH, element)))<br/>_ _ _ _ _ _ _ _ _ _ _ _ _ _ _ _ _ _ _ _ _ _ _ _ _ _ _ _ _ _ _ _ _ _ _ _ _ _ _ _<br/><br/>self = &lt;selenium.webdriver.support.wait.WebDriverWait (session=&quot;6a4851775ae7eb32fd058df5d822354f&quot;)&gt;<br/>method = &lt;selenium.webdriver.support.expected_conditions.visibility_of_element_located object at 0x059E06F0&gt;<br/>message = &#x27;&#x27;<br/><br/>    def until_not(self, method, message=&#x27;&#x27;):<br/>        &quot;&quot;&quot;Calls the method provided with the driver as an argument until the \<br/>            return value is False.&quot;&quot;&quot;<br/>        end_time = time.time() + self._timeout<br/>        while True:<br/>            try:<br/>                value = method(self._driver)<br/>                if not value:<br/>                    return value<br/>            except self._ignored_exceptions:<br/>                return True<br/>            time.sleep(self._poll)<br/>            if time.time() &gt; end_time:<br/>                break<br/>&gt;       raise TimeoutException(message)<br/><span class="error">E       selenium.common.exceptions.TimeoutException: Message:</span><br/><br/>D:\Python33\lib\site-packages\selenium\webdriver\support\wait.py:96: TimeoutException<br/></div></td></tr></tbody>
      <tbody class="passed results-table-row">
        <tr>
          <td class="col-result">Passed</td>
          <td class="col-name">testcases/test_damagegoods.py::TestDamageGoods::()::test_1_add_damagetype</td>
          <td class="col-duration">15.89</td>
          <td class="col-links"></td></tr>
        <tr>
          <td class="extra" colspan="4">
            <div class="empty log">No log output captured.</div></td></tr></tbody>
      <tbody class="passed results-table-row">
        <tr>
          <td class="col-result">Passed</td>
          <td class="col-name">testcases/test_damagegoods.py::TestDamageGoods::()::test_4_add_damagegoods</td>
          <td class="col-duration">19.59</td>
          <td class="col-links"></td></tr>
        <tr>
          <td class="extra" colspan="4">
            <div class="empty log">No log output captured.</div></td></tr></tbody>
      <tbody class="passed results-table-row">
        <tr>
          <td class="col-result">Passed</td>
          <td class="col-name">testcases/test_damagegoods.py::TestDamageGoods::()::test_5_edit_damagegoods</td>
          <td class="col-duration">27.33</td>
          <td class="col-links"></td></tr>
        <tr>
          <td class="extra" colspan="4">
            <div class="empty log">No log output captured.</div></td></tr></tbody>
      <tbody class="passed results-table-row">
        <tr>
          <td class="col-result">Passed</td>
          <td class="col-name">testcases/test_hiregoods.py::TestHireGoods::()::test_1_add_hiretype</td>
          <td class="col-duration">17.11</td>
          <td class="col-links"></td></tr>
        <tr>
          <td class="extra" colspan="4">
            <div class="empty log">No log output captured.</div></td></tr></tbody>
      <tbody class="passed results-table-row">
        <tr>
          <td class="col-result">Passed</td>
          <td class="col-name">testcases/test_hiregoods.py::TestHireGoods::()::test_4_add_hiregoods</td>
          <td class="col-duration">23.63</td>
          <td class="col-links"></td></tr>
        <tr>
          <td class="extra" colspan="4">
            <div class="empty log">No log output captured.</div></td></tr></tbody>
      <tbody class="passed results-table-row">
        <tr>
          <td class="col-result">Passed</td>
          <td class="col-name">testcases/test_hiregoods.py::TestHireGoods::()::test_5_edit_hiregoods</td>
          <td class="col-duration">26.33</td>
          <td class="col-links"></td></tr>
        <tr>
          <td class="extra" colspan="4">
            <div class="empty log">No log output captured.</div></td></tr></tbody>
      <tbody class="passed results-table-row">
        <tr>
          <td class="col-result">Passed</td>
          <td class="col-name">testcases/test_hiregoods.py::TestHireGoods::()::test_6_delete_hiregoods</td>
          <td class="col-duration">19.77</td>
          <td class="col-links"></td></tr>
        <tr>
          <td class="extra" colspan="4">
            <div class="empty log">No log output captured.</div></td></tr></tbody>
      <tbody class="passed results-table-row">
        <tr>
          <td class="col-result">Passed</td>
          <td class="col-name">testcases/test_roominfo.py::TestRoomInfo::()::test_1_add_roominfo</td>
          <td class="col-duration">25.04</td>
          <td class="col-links"></td></tr>
        <tr>
          <td class="extra" colspan="4">
            <div class="empty log">No log output captured.</div></td></tr></tbody>
      <tbody class="passed results-table-row">
        <tr>
          <td class="col-result">Passed</td>
          <td class="col-name">testcases/test_roominfo.py::TestRoomInfo::()::test_2_edit_roominfo</td>
          <td class="col-duration">26.47</td>
          <td class="col-links"></td></tr>
        <tr>
          <td class="extra" colspan="4">
            <div class="empty log">No log output captured.</div></td></tr></tbody>
      <tbody class="passed results-table-row">
        <tr>
          <td class="col-result">Passed</td>
          <td class="col-name">testcases/test_roominfo.py::TestRoomInfo::()::test_3_delete_roominfo</td>
          <td class="col-duration">23.86</td>
          <td class="col-links"></td></tr>
        <tr>
          <td class="extra" colspan="4">
            <div class="empty log">No log output captured.</div></td></tr></tbody>
      <tbody class="passed results-table-row">
        <tr>
          <td class="col-result">Passed</td>
          <td class="col-name">testcases/test_roominfo.py::TestRoomInfo::()::test_4_batchadd_roominfo</td>
          <td class="col-duration">30.48</td>
          <td class="col-links"></td></tr>
        <tr>
          <td class="extra" colspan="4">
            <div class="empty log">No log output captured.</div></td></tr></tbody>
      <tbody class="passed results-table-row">
        <tr>
          <td class="col-result">Passed</td>
          <td class="col-name">testcases/test_roommaintain.py::TestRoomMaintain::()::test_1_add_roomtype</td>
          <td class="col-duration">18.66</td>
          <td class="col-links"></td></tr>
        <tr>
          <td class="extra" colspan="4">
            <div class="empty log">No log output captured.</div></td></tr></tbody>
      <tbody class="passed results-table-row">
        <tr>
          <td class="col-result">Passed</td>
          <td class="col-name">testcases/test_roommaintain.py::TestRoomMaintain::()::test_2_edit_roomtype</td>
          <td class="col-duration">22.89</td>
          <td class="col-links"></td></tr>
        <tr>
          <td class="extra" colspan="4">
            <div class="empty log">No log output captured.</div></td></tr></tbody>
      <tbody class="passed results-table-row">
        <tr>
          <td class="col-result">Passed</td>
          <td class="col-name">testcases/test_roommaintain.py::TestRoomMaintain::()::test_5_delete_roomtype</td>
          <td class="col-duration">25.16</td>
          <td class="col-links"></td></tr>
        <tr>
          <td class="extra" colspan="4">
            <div class="empty log">No log output captured.</div></td></tr></tbody>
      <tbody class="passed results-table-row">
        <tr>
          <td class="col-result">Passed</td>
          <td class="col-name">testcases/test_unitinfo.py::TestRoomInfo::()::test_1_add_unitinfo</td>
          <td class="col-duration">15.32</td>
          <td class="col-links"></td></tr>
        <tr>
          <td class="extra" colspan="4">
            <div class="empty log">No log output captured.</div></td></tr></tbody>
      <tbody class="passed results-table-row">
        <tr>
          <td class="col-result">Passed</td>
          <td class="col-name">testcases/test_vritualroomtype.py::TestVirtualRoomType::()::test_1_add_virtualroomtype</td>
          <td class="col-duration">21.09</td>
          <td class="col-links"></td></tr>
        <tr>
          <td class="extra" colspan="4">
            <div class="empty log">No log output captured.</div></td></tr></tbody>
      <tbody class="passed results-table-row">
        <tr>
          <td class="col-result">Passed</td>
          <td class="col-name">testcases/test_vritualroomtype.py::TestVirtualRoomType::()::test_3_delete_virtualroomtype</td>
          <td class="col-duration">16.26</td>
          <td class="col-links"></td></tr>
        <tr>
          <td class="extra" colspan="4">
            <div class="empty log">No log output captured.</div></td></tr></tbody></table></body></html>